<?xml version="1.0" encoding="UTF-8"?>
<!-- Generated by org.testng.reporters.JUnitXMLReporter -->
<testsuite hostname="LAP-TZD-0X69950" name="wageformation" tests="3" failures="0" timestamp="2 Apr 2020 15:28:59 GMT" time="17.439" errors="0">
  <testcase name="writeFirstRow" time="1.061" classname="com.framework.testScripts.CreatingGameCatalouge"/>
  <testcase name="gototheUrl" time="15.067" classname="com.framework.testScripts.CreatingGameCatalouge"/>
  <testcase name="NumberofTournamnets" time="0.559" classname="com.framework.testScripts.CreatingGameCatalouge"/>
</testsuite> <!-- wageformation -->
