<?xml version="1.0" encoding="UTF-8"?>
<!-- Generated by org.testng.reporters.JUnitXMLReporter -->
<testsuite hostname="LAP-TZD-0X69950" name="Default test" tests="3" failures="0" timestamp="2 Apr 2020 17:17:45 GMT" time="513.003" errors="0">
  <testcase name="writeFirstRow" time="0.446" classname="com.framework.testScripts.CreatingGameCatalouge"/>
  <testcase name="gototheUrl" time="216.346" classname="com.framework.testScripts.CreatingGameCatalouge"/>
  <testcase name="NumberofTournamnets" time="295.561" classname="com.framework.testScripts.CreatingGameCatalouge"/>
</testsuite> <!-- Default test -->
